2025-01-16 14:25:01 - Added book: Python
2025-01-16 14:32:18 - Added book: Python
2025-01-16 14:32:18 - Added book: Java
2025-01-16 14:32:18 - Added book: Docker
2025-01-16 14:32:18 - Added book: Spring Boot
2025-01-16 14:32:18 - Added book: Linux
2025-01-16 14:32:18 - Added book: Postgresql
2025-01-16 14:32:18 - Added book: Deep Learning
2025-01-16 14:32:18 - Added book: Computer vision
2025-01-16 14:32:18 - Added book: NLP
2025-01-16 14:32:18 - Added book: DSA
2025-01-16 14:32:18 - Added book: Terraform
2025-01-16 14:32:18 - Added book: AWs
2025-01-16 14:32:18 - Added book: GCP
2025-01-16 14:32:40 - Saved books to data/books.txt.
2025-01-16 14:32:52 - Sorted books alphabetically.
2025-01-17 10:22:40 - Added book: python
2025-01-17 10:23:27 - Added book: Java
2025-01-17 10:23:27 - Added book: Big Data
2025-01-17 10:23:27 - Added book: C++
2025-01-17 10:23:27 - Added book: NextJs
2025-01-17 10:23:36 - Sorted books alphabetically.
